2021-03-13 19:49:51,721 ERROR 54e8ab94-7acd-48ee-a525-6109811562d3Predicted: Female. Correct Label: Man. Url:https://learndemographicstest.s3.amazonaws.com/test/12-/male/1_0_2_20161219162544751.jpg. Bbox: {'x': '27.267254', 'y': '17.08223', 'w': '102.41275', 'h': '130.45299'}. Confidence: 0.15
2021-03-13 19:49:51,722 ERROR 54e8ab94-7acd-48ee-a525-6109811562d3Predicted: Man. Correct Label: Female. Url:https://learndemographicstest.s3.amazonaws.com/test/18-24/female/18_1_3_20170109214031495.jpg. Bbox: {'x': '247.01299', 'y': '112.52157', 'w': '277.45105', 'h': '373.06592'}. Confidence: 0.70
2021-03-13 19:49:51,722 ERROR 54e8ab94-7acd-48ee-a525-6109811562d3Predicted: Man. Correct Label: Female. Url:https://learndemographicstest.s3.amazonaws.com/test/35-44/female/36_1_2_20170105000458833.jpg. Bbox: {'x': '160.05287', 'y': '92.68197', 'w': '108.8203', 'h': '131.89072'}. Confidence: 0.90
2021-03-13 19:49:51,722 ERROR 54e8ab94-7acd-48ee-a525-6109811562d3Predicted: Man. Correct Label: Female. Url:https://learndemographicstest.s3.amazonaws.com/test/45-54/female/48_1_0_20170109010620232.jpg. Bbox: {'x': '108.777275', 'y': '72.81755', 'w': '205.8501', 'h': '248.73369'}. Confidence: 0.98
2021-03-13 19:55:56,054 ERROR 53872da8-c09a-4df5-a5f3-549b41b6988d. Predicted: Man. Correct Label: Female. Url:https://learndemographicstest.s3.amazonaws.com/test/13-17/female/14_1_0_20170109201824270.jpg. Bbox: {'x': '143.97212', 'y': '85.888435', 'w': '108.5439', 'h': '139.67514'}. Confidence: 0.99
2021-03-13 19:55:56,061 ERROR 53872da8-c09a-4df5-a5f3-549b41b6988d. Predicted: Man. Correct Label: Female. Url:https://learndemographicstest.s3.amazonaws.com/test/18-24/female/18_1_1_20170109214221868.jpg. Bbox: {'x': '260.2188', 'y': '103.79841', 'w': '204.9805', 'h': '289.374'}. Confidence: 0.88
2021-03-13 19:55:56,061 ERROR 53872da8-c09a-4df5-a5f3-549b41b6988d. Predicted: Man. Correct Label: Female. Url:https://learndemographicstest.s3.amazonaws.com/test/25-34/female/25_1_2_20170104015838780.jpg. Bbox: {'x': '463.58746', 'y': '105.17909', 'w': '232.73364', 'h': '232.75804'}. Confidence: 0.96
2021-03-13 19:55:56,061 ERROR 53872da8-c09a-4df5-a5f3-549b41b6988d. Predicted: Man. Correct Label: Female. Url:https://learndemographicstest.s3.amazonaws.com/test/45-54/female/49_1_4_20170104235649484.jpg. Bbox: {'x': '192.4236', 'y': '99.95927', 'w': '150.78514', 'h': '206.94058'}. Confidence: 0.57
2021-03-13 19:55:56,061 ERROR 53872da8-c09a-4df5-a5f3-549b41b6988d. Predicted: Man. Correct Label: Female. Url:https://learndemographicstest.s3.amazonaws.com/test/65%2B/female/69_1_2_20170111210824053.jpg. Bbox: {'x': '-2.9724865', 'y': '46.87586', 'w': '314.53198', 'h': '389.16348'}. Confidence: 0.89
2021-03-13 20:10:54,964 ERROR 82ddf337-91e8-478c-a8dc-d249db38ce10. Predicted: Man. Correct Label: Female. Url:https://learndemographicstest.s3.amazonaws.com/test/12-/female/1_1_2_20161219155926197.jpg. Bbox: {'x': '60.573124', 'y': '19.188862', 'w': '50.139973', 'h': '61.323498'}. Confidence: 0.86
2021-03-13 20:10:54,965 ERROR 82ddf337-91e8-478c-a8dc-d249db38ce10. Predicted: Man. Correct Label: Female. Url:https://learndemographicstest.s3.amazonaws.com/test/13-17/female/14_1_0_20170109213221821.jpg. Bbox: {'x': '330.7991', 'y': '249.24963', 'w': '156.02615', 'h': '188.46088'}. Confidence: 0.84
2021-03-13 20:10:54,965 ERROR 82ddf337-91e8-478c-a8dc-d249db38ce10. Predicted: Female. Correct Label: Man. Url:https://learndemographicstest.s3.amazonaws.com/test/55-64/male/64_0_4_20170103184049701.jpg. Bbox: {'x': '213.40582', 'y': '71.796005', 'w': '187.0653', 'h': '226.87038'}. Confidence: 0.49
2021-03-13 20:24:12,271 ERROR 0aa75293-90e1-4f40-ada5-1b3cc0720d5b. Predicted: Man. Correct Label: Female. Url:https://learndemographicstest.s3.amazonaws.com/test/12-/female/1_1_2_20161219202945116.jpg. Bbox: {'x': '132.2417', 'y': '49.600986', 'w': '141.91049', 'h': '175.71686'}. Confidence: 0.97
2021-03-13 20:34:15,421 ERROR c6c60e96-98a5-4391-83d1-9d72dea8ad57. Predicted: Man. Correct Label: Female. Url:https://learndemographicstest.s3.amazonaws.com/test/12-/female/3_1_2_20161219205457437.jpg. Bbox: {'x': '152.80623', 'y': '47.44181', 'w': '52.800262', 'h': '62.771675'}. Confidence: 0.87
2021-03-13 20:34:15,422 ERROR c6c60e96-98a5-4391-83d1-9d72dea8ad57. Predicted: Man. Correct Label: Female. Url:https://learndemographicstest.s3.amazonaws.com/test/18-24/female/19_1_3_20170104222642335.jpg. Bbox: {'x': '277.53726', 'y': '48.804535', 'w': '56.774506', 'h': '74.23972'}. Confidence: 0.60
2021-03-13 20:35:53,453 ERROR e2b6d03a-9cc5-49fd-85b5-cd127c27b425. Predicted: Female. Correct Label: Man. Url:https://learndemographicstest.s3.amazonaws.com/test/12-/male/1_0_2_20161219190003947.jpg. Bbox: {'x': '163.52843', 'y': '53.335377', 'w': '137.42705', 'h': '157.48076'}. Confidence: 0.26
2021-03-13 20:35:53,461 ERROR e2b6d03a-9cc5-49fd-85b5-cd127c27b425. Predicted: Man. Correct Label: Female. Url:https://learndemographicstest.s3.amazonaws.com/test/13-17/female/15_1_3_20170104222007428.jpg. Bbox: {'x': '145.04718', 'y': '148.223', 'w': '145.48508', 'h': '222.95247'}. Confidence: 0.66
2021-03-13 20:35:53,461 ERROR e2b6d03a-9cc5-49fd-85b5-cd127c27b425. Predicted: Man. Correct Label: Female. Url:https://learndemographicstest.s3.amazonaws.com/test/35-44/female/35_1_0_20170103163453110.jpg. Bbox: {'x': '120.083145', 'y': '93.61644', 'w': '172.10716', 'h': '226.87257'}. Confidence: 0.96
2021-03-13 20:35:53,461 ERROR e2b6d03a-9cc5-49fd-85b5-cd127c27b425. Predicted: Man. Correct Label: Female. Url:https://learndemographicstest.s3.amazonaws.com/test/45-54/female/53_1_0_20170110160643251.jpg. Bbox: {'x': '182.79973', 'y': '184.51147', 'w': '336.0417', 'h': '463.80096'}. Confidence: 0.91
2021-03-13 20:53:43,594 ERROR dbd44390-32e4-4bd7-ac51-c93fe25474ae. Predicted: Man. Correct Label: Female. Url:https://learndemographicstest.s3.amazonaws.com/test/12-/female/2_1_2_20161219141220720.jpg. Bbox: {'x': '79.61144', 'y': '61.422943', 'w': '89.379875', 'h': '108.81822'}. Confidence: 0.98
2021-03-13 20:53:43,603 ERROR dbd44390-32e4-4bd7-ac51-c93fe25474ae. Predicted: Man. Correct Label: Female. Url:https://learndemographicstest.s3.amazonaws.com/test/25-34/female/25_1_3_20170104234936774.jpg. Bbox: {'x': '116.59068', 'y': '129.36438', 'w': '168.15193', 'h': '212.70175'}. Confidence: 0.94
2021-03-13 20:53:43,603 ERROR dbd44390-32e4-4bd7-ac51-c93fe25474ae. Predicted: Man. Correct Label: Female. Url:https://learndemographicstest.s3.amazonaws.com/test/35-44/female/35_1_0_20170104181321972.jpg. Bbox: {'x': '51.472336', 'y': '55.231735', 'w': '149.89397', 'h': '200.85255'}. Confidence: 0.75
2021-03-13 20:53:43,603 ERROR dbd44390-32e4-4bd7-ac51-c93fe25474ae. Predicted: Man. Correct Label: Female. Url:https://learndemographicstest.s3.amazonaws.com/test/45-54/female/45_1_0_20170108224914419.jpg. Bbox: {'x': '110.72773', 'y': '93.56323', 'w': '182.54788', 'h': '262.11334'}. Confidence: 0.69
2021-03-13 20:53:43,603 ERROR dbd44390-32e4-4bd7-ac51-c93fe25474ae. Predicted: Female. Correct Label: Man. Url:https://learndemographicstest.s3.amazonaws.com/test/65%2B/male/78_0_0_20170111222249342.jpg. Bbox: {'x': '136.23723', 'y': '63.561783', 'w': '33.16864', 'h': '43.35681'}. Confidence: 0.47
2021-03-13 20:57:18,223 ERROR 5caf5ec3-5ff1-4cdb-908c-bc3830568ae5. Predicted: Man. Correct Label: Female. Url:https://learndemographicstest.s3.amazonaws.com/test/12-/female/2_1_2_20161220144859447.jpg. Bbox: {'x': '85.6669', 'y': '35.11852', 'w': '48.933517', 'h': '65.878525'}. Confidence: 0.99
2021-03-13 20:57:18,234 ERROR 5caf5ec3-5ff1-4cdb-908c-bc3830568ae5. Predicted: Man. Correct Label: Female. Url:https://learndemographicstest.s3.amazonaws.com/test/18-24/female/24_1_3_20170104220232144.jpg. Bbox: {'x': '84.56824', 'y': '38.935684', 'w': '58.249603', 'h': '80.72649'}. Confidence: 0.53
2021-03-13 20:57:18,248 ERROR 5caf5ec3-5ff1-4cdb-908c-bc3830568ae5. Predicted: Man. Correct Label: Female. Url:https://learndemographicstest.s3.amazonaws.com/test/45-54/female/51_1_2_20170109131917693.jpg. Bbox: {'x': '97.44018', 'y': '70.33478', 'w': '119.858025', 'h': '157.17223'}. Confidence: 0.99
2021-03-13 21:03:02,946 ERROR 6674d9b6-5566-486a-a757-9a04c443ddb0. Predicted: Man. Correct Label: Female. Url:https://learndemographicstest.s3.amazonaws.com/test/45-54/female/50_1_3_20170104235532885.jpg. Bbox: {'x': '262.04773', 'y': '67.02465', 'w': '101.183105', 'h': '130.02512'}. Confidence: 0.74
2021-03-13 21:03:02,960 ERROR 6674d9b6-5566-486a-a757-9a04c443ddb0. Predicted: Female. Correct Label: Man. Url:https://learndemographicstest.s3.amazonaws.com/test/65%2B/male/82_0_0_20170111210233971.jpg. Bbox: {'x': '123.24804', 'y': '135.08366', 'w': '409.07562', 'h': '531.59204'}. Confidence: 0.23
2021-03-13 21:04:38,824 ERROR 1e17e9ad-5e81-4ff7-97e9-7121758d5662. Predicted: Man. Correct Label: Female. Url:https://learndemographicstest.s3.amazonaws.com/test/12-/female/3_1_2_20161219152946212.jpg. Bbox: {'x': '119.60482', 'y': '28.426346', 'w': '54.822945', 'h': '67.127815'}. Confidence: 0.85
2021-03-13 21:04:38,834 ERROR 1e17e9ad-5e81-4ff7-97e9-7121758d5662. Predicted: Man. Correct Label: Female. Url:https://learndemographicstest.s3.amazonaws.com/test/13-17/female/15_1_2_20161219190855506.jpg. Bbox: {'x': '57.0394', 'y': '45.75502', 'w': '60.953148', 'h': '79.53891'}. Confidence: 0.92
2021-03-13 21:04:38,835 ERROR 1e17e9ad-5e81-4ff7-97e9-7121758d5662. Predicted: Female. Correct Label: Man. Url:https://learndemographicstest.s3.amazonaws.com/test/18-24/male/21_0_4_20161223214825003.jpg. Bbox: {'x': '267.8047', 'y': '58.759995', 'w': '156.86386', 'h': '224.61726'}. Confidence: 0.04
2021-03-13 21:04:38,838 ERROR 1e17e9ad-5e81-4ff7-97e9-7121758d5662. Predicted: Man. Correct Label: Female. Url:https://learndemographicstest.s3.amazonaws.com/test/45-54/female/50_1_0_20170105162633419.jpg. Bbox: {'x': '96.02851', 'y': '71.28807', 'w': '101.39619', 'h': '122.14728'}. Confidence: 0.99
2021-03-13 21:07:01,892 ERROR b740b083-0df2-4a5c-9d1b-5c7b082568f7. Predicted: Man. Correct Label: Female. Url:https://learndemographicstest.s3.amazonaws.com/test/13-17/female/14_1_3_20170104221756497.jpg. Bbox: {'x': '86.107605', 'y': '103.93307', 'w': '202.83215', 'h': '260.6469'}. Confidence: 0.99
2021-03-13 21:07:01,897 ERROR b740b083-0df2-4a5c-9d1b-5c7b082568f7. Predicted: Man. Correct Label: Female. Url:https://learndemographicstest.s3.amazonaws.com/test/45-54/female/49_1_0_20170104185000777.jpg. Bbox: {'x': '52.797165', 'y': '73.05368', 'w': '165.81198', 'h': '211.92645'}. Confidence: 0.89
2021-03-13 21:07:01,899 ERROR b740b083-0df2-4a5c-9d1b-5c7b082568f7. Predicted: Female. Correct Label: Man. Url:https://learndemographicstest.s3.amazonaws.com/test/65%2B/male/90_0_0_20170111210151491.jpg. Bbox: {'x': '163.43364', 'y': '108.408745', 'w': '138.28569', 'h': '174.73053'}. Confidence: 0.49
2021-03-13 21:10:31,819 ERROR 062baa7b-d6dd-4c72-93b4-ae55db54e03e. Predicted: Female. Correct Label: Man. Url:https://learndemographicstest.s3.amazonaws.com/test/13-17/male/16_0_0_20170110232429214.jpg. Bbox: {'x': '387.6503', 'y': '156.32234', 'w': '98.35651', 'h': '136.03102'}. Confidence: 0.47
2021-03-13 21:10:31,828 ERROR 062baa7b-d6dd-4c72-93b4-ae55db54e03e. Predicted: Man. Correct Label: Female. Url:https://learndemographicstest.s3.amazonaws.com/test/25-34/female/25_1_3_20170104222305855.jpg. Bbox: {'x': '57.908615', 'y': '114.087555', 'w': '279.46832', 'h': '358.8534'}. Confidence: 0.97
2021-03-13 21:26:33,522 ERROR 68bee63c-1e49-4b39-ba2b-6fc18dfd1fd6. Predicted: Female. Correct Label: Man. Url:https://learndemographicstest.s3.amazonaws.com/test/13-17/male/14_0_4_20170103201644927.jpg. Bbox: {'x': '124.57404', 'y': '107.001205', 'w': '407.3169', 'h': '504.44543'}. Confidence: 0.02
2021-03-13 21:26:33,523 ERROR 68bee63c-1e49-4b39-ba2b-6fc18dfd1fd6. Predicted: Man. Correct Label: Female. Url:https://learndemographicstest.s3.amazonaws.com/test/13-17/female/15_1_4_20170104005847968.jpg. Bbox: {'x': '108.31937', 'y': '43.107807', 'w': '105.600235', 'h': '143.7014'}. Confidence: 0.96
2021-03-13 21:26:33,523 ERROR 68bee63c-1e49-4b39-ba2b-6fc18dfd1fd6. Predicted: Man. Correct Label: Female. Url:https://learndemographicstest.s3.amazonaws.com/test/18-24/female/20_1_2_20170104020820934.jpg. Bbox: {'x': '287.5089', 'y': '107.0168', 'w': '267.51953', 'h': '323.42255'}. Confidence: 0.77
2021-03-13 21:27:47,053 ERROR c0e45fb2-35a7-43c9-b777-4e55a32aa766. Predicted: Man. Correct Label: Female. Url:https://learndemographicstest.s3.amazonaws.com/test/12-/female/8_1_0_20161220223020578.jpg. Bbox: {'x': '159.1175', 'y': '189.33188', 'w': '418.12335', 'h': '525.56445'}. Confidence: 0.72
2021-03-13 21:27:47,053 ERROR c0e45fb2-35a7-43c9-b777-4e55a32aa766. Predicted: Man. Correct Label: Female. Url:https://learndemographicstest.s3.amazonaws.com/test/13-17/female/16_1_0_20170109213007401.jpg. Bbox: {'x': '210.39859', 'y': '54.665073', 'w': '289.30472', 'h': '378.47382'}. Confidence: 0.94
2021-03-13 21:31:01,028 ERROR d2ffe6d9-5869-4ec4-9a39-4fe392e2d2a5. Predicted: Man. Correct Label: Female. Url:https://learndemographicstest.s3.amazonaws.com/test/12-/female/2_1_2_20161219140840080.jpg. Bbox: {'x': '91.22912', 'y': '12.29814', 'w': '122.7745', 'h': '154.62024'}. Confidence: 0.53
2021-03-13 21:31:01,029 ERROR d2ffe6d9-5869-4ec4-9a39-4fe392e2d2a5. Predicted: Man. Correct Label: Female. Url:https://learndemographicstest.s3.amazonaws.com/test/25-34/female/32_1_0_20170109134507157.jpg. Bbox: {'x': '147.76253', 'y': '77.85088', 'w': '122.38399', 'h': '171.409'}. Confidence: 0.53
2021-03-13 21:31:01,030 ERROR d2ffe6d9-5869-4ec4-9a39-4fe392e2d2a5. Predicted: Man. Correct Label: Female. Url:https://learndemographicstest.s3.amazonaws.com/test/35-44/female/38_1_0_20170104202343507.jpg. Bbox: {'x': '187.64548', 'y': '77.68955', 'w': '116.97598', 'h': '165.07489'}. Confidence: 0.86
2021-03-13 21:31:01,030 ERROR d2ffe6d9-5869-4ec4-9a39-4fe392e2d2a5. Predicted: Man. Correct Label: Female. Url:https://learndemographicstest.s3.amazonaws.com/test/45-54/female/52_1_3_20170109133341959.jpg. Bbox: {'x': '200.20631', 'y': '57.184788', 'w': '78.39592', 'h': '102.47493'}. Confidence: 0.99
2021-03-13 21:41:27,079 ERROR 58e353bc-de94-4f8e-b6ae-4a648731ecd1. Predicted: Man. Correct Label: Female. Url:https://learndemographicstest.s3.amazonaws.com/test/25-34/female/26_1_3_20170109133424931.jpg. Bbox: {'x': '154.91687', 'y': '182.31378', 'w': '52.503586', 'h': '70.162125'}. Confidence: 0.97
2021-03-13 21:41:27,079 ERROR 58e353bc-de94-4f8e-b6ae-4a648731ecd1. Predicted: Man. Correct Label: Female. Url:https://learndemographicstest.s3.amazonaws.com/test/35-44/female/37_1_4_20170104170314561.jpg. Bbox: {'x': '72.21192', 'y': '68.520515', 'w': '140.51944', 'h': '188.1784'}. Confidence: 0.59
2021-03-13 21:41:27,080 ERROR 58e353bc-de94-4f8e-b6ae-4a648731ecd1. Predicted: Man. Correct Label: Female. Url:https://learndemographicstest.s3.amazonaws.com/test/65%2B/female/85_1_0_20170110155147409.jpg. Bbox: {'x': '598.04956', 'y': '-62.156105', 'w': '592.1542', 'h': '819.42175'}. Confidence: 0.98
2021-03-13 21:54:51,644 ERROR d7cf672f-e52a-4315-80fc-0435f6340b47. Predicted: Female. Correct Label: Man. Url:https://learndemographicstest.s3.amazonaws.com/test/12-/male/1_0_2_20161219201528716.jpg. Bbox: {'x': '35.840984', 'y': '76.720856', 'w': '96.18483', 'h': '123.60712'}. Confidence: 0.03
2021-03-13 21:54:51,656 ERROR d7cf672f-e52a-4315-80fc-0435f6340b47. Predicted: Man. Correct Label: Female. Url:https://learndemographicstest.s3.amazonaws.com/test/35-44/female/43_1_0_20170109141845861.jpg. Bbox: {'x': '48.25595', 'y': '37.81857', 'w': '90.03206', 'h': '127.43558'}. Confidence: 0.65
2021-03-13 21:54:51,658 ERROR d7cf672f-e52a-4315-80fc-0435f6340b47. Predicted: Man. Correct Label: Female. Url:https://learndemographicstest.s3.amazonaws.com/test/45-54/female/49_1_0_20170104185000777.jpg. Bbox: {'x': '52.797165', 'y': '73.05368', 'w': '165.81198', 'h': '211.92645'}. Confidence: 0.89
2021-03-13 21:54:51,660 ERROR d7cf672f-e52a-4315-80fc-0435f6340b47. Predicted: Man. Correct Label: Female. Url:https://learndemographicstest.s3.amazonaws.com/test/65%2B/female/92_1_0_20170110182333823.jpg. Bbox: {'x': '460.67294', 'y': '99.678024', 'w': '212.87808', 'h': '290.46124'}. Confidence: 0.99
2021-03-13 22:00:13,975 ERROR 0aaca6e5-ee1a-4a91-a4c0-fdfa6be5455d. Predicted: Female. Correct Label: Man. Url:https://learndemographicstest.s3.amazonaws.com/test/12-/male/6_0_0_20170110215527972.jpg. Bbox: {'x': '241.11845', 'y': '483.04416', 'w': '396.80054', 'h': '467.8815'}. Confidence: 0.28
2021-03-13 22:00:13,975 ERROR 0aaca6e5-ee1a-4a91-a4c0-fdfa6be5455d. Predicted: Man. Correct Label: Female. Url:https://learndemographicstest.s3.amazonaws.com/test/12-/female/3_1_3_20161219230123328.jpg. Bbox: {'x': '54.9617', 'y': '6.3865705', 'w': '22.362206', 'h': '26.587662'}. Confidence: 0.71
2021-03-13 22:00:13,975 ERROR 0aaca6e5-ee1a-4a91-a4c0-fdfa6be5455d. Predicted: Man. Correct Label: Female. Url:https://learndemographicstest.s3.amazonaws.com/test/12-/female/1_1_0_20170109190937434.jpg. Bbox: {'x': '431.06686', 'y': '70.28064', 'w': '143.62283', 'h': '168.06883'}. Confidence: 0.68
2021-03-13 22:00:13,975 ERROR 0aaca6e5-ee1a-4a91-a4c0-fdfa6be5455d. Predicted: Man. Correct Label: Female. Url:https://learndemographicstest.s3.amazonaws.com/test/12-/female/2_1_2_20161219161747222.jpg. Bbox: {'x': '68.94868', 'y': '40.773403', 'w': '53.25891', 'h': '70.11363'}. Confidence: 0.99
2021-03-13 22:00:13,975 ERROR 0aaca6e5-ee1a-4a91-a4c0-fdfa6be5455d. Predicted: Man. Correct Label: Female. Url:https://learndemographicstest.s3.amazonaws.com/test/12-/female/1_1_2_20161219211944925.jpg. Bbox: {'x': '67.75243', 'y': '56.7461', 'w': '72.46516', 'h': '86.09875'}. Confidence: 0.80
2021-03-13 22:00:13,976 ERROR 0aaca6e5-ee1a-4a91-a4c0-fdfa6be5455d. Predicted: Female. Correct Label: Man. Url:https://learndemographicstest.s3.amazonaws.com/test/13-17/male/15_0_2_20170104011938218.jpg. Bbox: {'x': '67.924515', 'y': '33.54947', 'w': '116.06714', 'h': '147.98366'}. Confidence: 0.31
2021-03-13 22:00:13,976 ERROR 0aaca6e5-ee1a-4a91-a4c0-fdfa6be5455d. Predicted: Female. Correct Label: Man. Url:https://learndemographicstest.s3.amazonaws.com/test/13-17/male/16_0_0_20170110231736665.jpg. Bbox: {'x': '191.54297', 'y': '82.789925', 'w': '326.63953', 'h': '391.7828'}. Confidence: 0.16
2021-03-13 22:00:13,976 ERROR 0aaca6e5-ee1a-4a91-a4c0-fdfa6be5455d. Predicted: Man. Correct Label: Female. Url:https://learndemographicstest.s3.amazonaws.com/test/13-17/female/14_1_0_20170109214440556.jpg. Bbox: {'x': '85.79091', 'y': '61.829548', 'w': '175.85732', 'h': '210.7766'}. Confidence: 0.96
2021-03-13 22:00:13,976 ERROR 0aaca6e5-ee1a-4a91-a4c0-fdfa6be5455d. Predicted: Man. Correct Label: Female. Url:https://learndemographicstest.s3.amazonaws.com/test/13-17/female/15_1_4_20170103233304142.jpg. Bbox: {'x': '103.64587', 'y': '34.37275', 'w': '160.62677', 'h': '202.47708'}. Confidence: 0.97
2021-03-13 22:00:13,976 ERROR 0aaca6e5-ee1a-4a91-a4c0-fdfa6be5455d. Predicted: Man. Correct Label: Female. Url:https://learndemographicstest.s3.amazonaws.com/test/13-17/female/14_1_0_20170103200819591.jpg. Bbox: {'x': '128.45932', 'y': '107.7856', 'w': '394.55392', 'h': '565.12067'}. Confidence: 0.65
2021-03-13 22:00:13,976 ERROR 0aaca6e5-ee1a-4a91-a4c0-fdfa6be5455d. Predicted: Man. Correct Label: Female. Url:https://learndemographicstest.s3.amazonaws.com/test/13-17/female/16_1_0_20170102234805899.jpg. Bbox: {'x': '90.51271', 'y': '33.118275', 'w': '77.19394', 'h': '105.29262'}. Confidence: 0.88
2021-03-13 22:00:13,976 ERROR 0aaca6e5-ee1a-4a91-a4c0-fdfa6be5455d. Predicted: Man. Correct Label: Female. Url:https://learndemographicstest.s3.amazonaws.com/test/18-24/female/24_1_0_20170104234624491.jpg. Bbox: {'x': '207.60773', 'y': '32.30075', 'w': '88.66824', 'h': '126.79808'}. Confidence: 0.97
2021-03-13 22:00:13,977 ERROR 0aaca6e5-ee1a-4a91-a4c0-fdfa6be5455d. Predicted: Man. Correct Label: Female. Url:https://learndemographicstest.s3.amazonaws.com/test/18-24/female/22_1_3_20170104222857952.jpg. Bbox: {'x': '113.54085', 'y': '153.22577', 'w': '140.19063', 'h': '180.09525'}. Confidence: 0.95
2021-03-13 22:00:13,977 ERROR 0aaca6e5-ee1a-4a91-a4c0-fdfa6be5455d. Predicted: Man. Correct Label: Female. Url:https://learndemographicstest.s3.amazonaws.com/test/25-34/female/27_1_0_20170109132133665.jpg. Bbox: {'x': '206.02016', 'y': '43.337204', 'w': '157.33513', 'h': '208.2031'}. Confidence: 0.98
2021-03-13 22:00:13,978 ERROR 0aaca6e5-ee1a-4a91-a4c0-fdfa6be5455d. Predicted: Man. Correct Label: Female. Url:https://learndemographicstest.s3.amazonaws.com/test/35-44/female/35_1_3_20170104231848138.jpg. Bbox: {'x': '93.13322', 'y': '76.925934', 'w': '56.056755', 'h': '69.86549'}. Confidence: 0.94
2021-03-13 22:00:13,978 ERROR 0aaca6e5-ee1a-4a91-a4c0-fdfa6be5455d. Predicted: Man. Correct Label: Female. Url:https://learndemographicstest.s3.amazonaws.com/test/35-44/female/38_1_0_20170109221205343.jpg. Bbox: {'x': '173.65485', 'y': '23.02213', 'w': '39.794388', 'h': '54.732357'}. Confidence: 0.58
2021-03-13 22:00:13,979 ERROR 0aaca6e5-ee1a-4a91-a4c0-fdfa6be5455d. Predicted: Man. Correct Label: Female. Url:https://learndemographicstest.s3.amazonaws.com/test/45-54/female/49_1_0_20170104185051510.jpg. Bbox: {'x': '47.083973', 'y': '45.490982', 'w': '79.13469', 'h': '105.1651'}. Confidence: 0.63
2021-03-13 22:00:13,979 ERROR 0aaca6e5-ee1a-4a91-a4c0-fdfa6be5455d. Predicted: Man. Correct Label: Female. Url:https://learndemographicstest.s3.amazonaws.com/test/45-54/female/53_1_0_20170110131645457.jpg. Bbox: {'x': '280.0614', 'y': '76.56203', 'w': '47.626495', 'h': '65.19502'}. Confidence: 0.86
2021-03-13 22:00:13,980 ERROR 0aaca6e5-ee1a-4a91-a4c0-fdfa6be5455d. Predicted: Female. Correct Label: Man. Url:https://learndemographicstest.s3.amazonaws.com/test/65%2B/male/90_0_0_20170111210753614.jpg. Bbox: {'x': '291.45605', 'y': '107.58874', 'w': '250.09955', 'h': '352.2441'}. Confidence: 0.06
2021-03-13 22:00:13,981 ERROR 0aaca6e5-ee1a-4a91-a4c0-fdfa6be5455d. Predicted: Man. Correct Label: Female. Url:https://learndemographicstest.s3.amazonaws.com/test/65%2B/female/73_1_3_20170104221010950.jpg. Bbox: {'x': '100.033775', 'y': '98.301125', 'w': '84.38175', 'h': '114.544685'}. Confidence: 0.79
2021-03-13 22:07:49,619 ERROR 5abb3333-5d25-4732-9c4e-37e7f28030a6. Predicted: Man. Correct Label: Female. Url:https://learndemographicstest.s3.amazonaws.com/test/12-/female/1_1_3_20161219224753152.jpg. Bbox: {'x': '28.267826', 'y': '25.940428', 'w': '39.819195', 'h': '49.781715'}. Confidence: 0.84
2021-03-13 22:07:49,619 ERROR 5abb3333-5d25-4732-9c4e-37e7f28030a6. Predicted: Man. Correct Label: Female. Url:https://learndemographicstest.s3.amazonaws.com/test/13-17/female/14_1_0_20170109203842960.jpg. Bbox: {'x': '209.04013', 'y': '93.15279', 'w': '48.517334', 'h': '65.465225'}. Confidence: 1.00
2021-03-13 22:24:09,854 ERROR 646d209b-5657-4c8c-b89f-b5a936ad60da. Predicted: Man. Correct Label: Female. Url:https://learndemographicstest.s3.amazonaws.com/test/25-34/female/26_1_3_20170109134452703.jpg. Bbox: {'x': '126.73889', 'y': '134.93962', 'w': '120.70076', 'h': '170.84587'}. Confidence: 0.81
2021-03-13 22:24:11,574 ERROR dae596ce-b8b9-4ab5-a1c4-4132c4d9b1ac. Predicted: Man. Correct Label: Female. Url:https://learndemographicstest.s3.amazonaws.com/test/12-/female/6_1_2_20161219201340515.jpg. Bbox: {'x': '275.03363', 'y': '49.191853', 'w': '28.61383', 'h': '35.79938'}. Confidence: 0.93
2021-03-13 22:24:11,575 ERROR dae596ce-b8b9-4ab5-a1c4-4132c4d9b1ac. Predicted: Female. Correct Label: Man. Url:https://learndemographicstest.s3.amazonaws.com/test/18-24/male/21_0_4_20161223214835183.jpg. Bbox: {'x': '87.17064', 'y': '121.690414', 'w': '109.60452', 'h': '146.53426'}. Confidence: 0.06
2021-03-13 22:24:11,576 ERROR dae596ce-b8b9-4ab5-a1c4-4132c4d9b1ac. Predicted: Man. Correct Label: Female. Url:https://learndemographicstest.s3.amazonaws.com/test/25-34/female/27_1_0_20170109132133665.jpg. Bbox: {'x': '206.02016', 'y': '43.337204', 'w': '157.33513', 'h': '208.2031'}. Confidence: 0.98
2021-03-13 22:24:11,577 ERROR dae596ce-b8b9-4ab5-a1c4-4132c4d9b1ac. Predicted: Man. Correct Label: Female. Url:https://learndemographicstest.s3.amazonaws.com/test/35-44/female/36_1_3_20170109135738379.jpg. Bbox: {'x': '77.16518', 'y': '67.08472', 'w': '142.51523', 'h': '187.73996'}. Confidence: 0.62
2021-03-13 22:24:11,578 ERROR dae596ce-b8b9-4ab5-a1c4-4132c4d9b1ac. Predicted: Man. Correct Label: Female. Url:https://learndemographicstest.s3.amazonaws.com/test/65%2B/female/88_1_2_20170112003903252.jpg. Bbox: {'x': '279.558', 'y': '74.00445', 'w': '103.964325', 'h': '131.48724'}. Confidence: 0.98
2021-03-14 09:33:49,189 ERROR 0ed5e4ce-1148-46b4-864d-8da9f7db264e. Predicted: Female. Correct Label: Man. Url:https://learndemographicstest.s3.amazonaws.com/test/12-/male/1_0_2_20161219153348412.jpg. Bbox: {'x': '79.64037', 'y': '21.257229', 'w': '83.83956', 'h': '97.03497'}. Confidence: 0.17
2021-03-14 09:33:49,191 ERROR 0ed5e4ce-1148-46b4-864d-8da9f7db264e. Predicted: Man. Correct Label: Female. Url:https://learndemographicstest.s3.amazonaws.com/test/13-17/female/15_1_4_20170104005847968.jpg. Bbox: {'x': '108.31937', 'y': '43.107807', 'w': '105.600235', 'h': '143.7014'}. Confidence: 0.96
2021-03-14 09:33:49,191 ERROR 0ed5e4ce-1148-46b4-864d-8da9f7db264e. Predicted: Man. Correct Label: Female. Url:https://learndemographicstest.s3.amazonaws.com/test/35-44/female/38_1_3_20170105002639123.jpg. Bbox: {'x': '135.38562', 'y': '87.91519', 'w': '111.516556', 'h': '133.08028'}. Confidence: 0.82
2021-03-14 09:33:49,192 ERROR 0ed5e4ce-1148-46b4-864d-8da9f7db264e. Predicted: Man. Correct Label: Female. Url:https://learndemographicstest.s3.amazonaws.com/test/55-64/female/56_1_3_20170109141321745.jpg. Bbox: {'x': '119.413246', 'y': '99.34023', 'w': '158.36557', 'h': '210.96664'}. Confidence: 0.99
2021-03-14 09:42:30,411 ERROR 5cb0d225-5ced-4ee4-bc6b-0f432eae23f4. Predicted: Man. Correct Label: Female. Url:https://learndemographicstest.s3.amazonaws.com/test/12-/female/3_1_2_20161219142118801.jpg. Bbox: {'x': '70.51892', 'y': '65.10224', 'w': '52.67041', 'h': '72.047905'}. Confidence: 0.96
2021-03-14 09:42:30,419 ERROR 5cb0d225-5ced-4ee4-bc6b-0f432eae23f4. Predicted: Man. Correct Label: Female. Url:https://learndemographicstest.s3.amazonaws.com/test/13-17/female/14_1_2_20170102234329485.jpg. Bbox: {'x': '73.05149', 'y': '24.190855', 'w': '105.5736', 'h': '135.20088'}. Confidence: 0.98
2021-03-14 09:42:30,420 ERROR 5cb0d225-5ced-4ee4-bc6b-0f432eae23f4. Predicted: Man. Correct Label: Female. Url:https://learndemographicstest.s3.amazonaws.com/test/25-34/female/32_1_3_20170109134440488.jpg. Bbox: {'x': '157.7062', 'y': '-6.4577312', 'w': '280.93762', 'h': '392.55377'}. Confidence: 0.94
2021-03-14 09:42:30,422 ERROR 5cb0d225-5ced-4ee4-bc6b-0f432eae23f4. Predicted: Man. Correct Label: Female. Url:https://learndemographicstest.s3.amazonaws.com/test/35-44/female/38_1_4_20170103230647441.jpg. Bbox: {'x': '95.539116', 'y': '33.190216', 'w': '56.788902', 'h': '80.29616'}. Confidence: 0.92
2021-03-14 09:49:04,269 ERROR 0e456192-e1de-414c-8422-a066d16bb754. Predicted: Man. Correct Label: Female. Url:https://learndemographicstest.s3.amazonaws.com/test/12-/female/3_1_2_20161219151926867.jpg. Bbox: {'x': '109.79879', 'y': '44.471306', 'w': '63.14231', 'h': '79.51512'}. Confidence: 0.95
2021-03-14 09:49:04,270 ERROR 0e456192-e1de-414c-8422-a066d16bb754. Predicted: Man. Correct Label: Female. Url:https://learndemographicstest.s3.amazonaws.com/test/35-44/female/42_1_4_20170103225757192.jpg. Bbox: {'x': '74.97834', 'y': '51.819576', 'w': '79.485146', 'h': '105.00183'}. Confidence: 0.51
2021-03-14 09:49:04,270 ERROR 0e456192-e1de-414c-8422-a066d16bb754. Predicted: Man. Correct Label: Female. Url:https://learndemographicstest.s3.amazonaws.com/test/65%2B/female/85_1_0_20170110181732789.jpg. Bbox: {'x': '57.752945', 'y': '51.922554', 'w': '68.157616', 'h': '84.40742'}. Confidence: 0.89
2021-03-14 09:52:01,052 ERROR c2c66e3b-43e3-49f7-99cc-456f45631bfb. Predicted: Man. Correct Label: Female. Url:https://learndemographicstest.s3.amazonaws.com/test/13-17/female/14_1_2_20170102234329485.jpg. Bbox: {'x': '73.05149', 'y': '24.190855', 'w': '105.5736', 'h': '135.20088'}. Confidence: 0.98
2021-03-14 09:52:01,054 ERROR c2c66e3b-43e3-49f7-99cc-456f45631bfb. Predicted: Man. Correct Label: Female. Url:https://learndemographicstest.s3.amazonaws.com/test/25-34/female/32_1_4_20170104011318584.jpg. Bbox: {'x': '158.6915', 'y': '52.204636', 'w': '173.87152', 'h': '254.11372'}. Confidence: 0.99
2021-03-14 09:52:01,055 ERROR c2c66e3b-43e3-49f7-99cc-456f45631bfb. Predicted: Man. Correct Label: Female. Url:https://learndemographicstest.s3.amazonaws.com/test/35-44/female/40_1_3_20170104220757598.jpg. Bbox: {'x': '76.11547', 'y': '40.322372', 'w': '66.62672', 'h': '86.00585'}. Confidence: 0.92
2021-03-14 09:52:01,055 ERROR c2c66e3b-43e3-49f7-99cc-456f45631bfb. Predicted: Man. Correct Label: Female. Url:https://learndemographicstest.s3.amazonaws.com/test/45-54/female/45_1_0_20170103184012435.jpg. Bbox: {'x': '92.89185', 'y': '62.857426', 'w': '61.451424', 'h': '74.43994'}. Confidence: 0.87
2021-03-14 09:52:01,061 ERROR c2c66e3b-43e3-49f7-99cc-456f45631bfb. Predicted: Man. Correct Label: Female. Url:https://learndemographicstest.s3.amazonaws.com/test/65%2B/female/77_1_0_20170110131558278.jpg. Bbox: {'x': '103.78888', 'y': '103.48311', 'w': '137.88881', 'h': '178.99886'}. Confidence: 0.53
2021-03-14 10:03:26,343 ERROR 1b80d780-3ce6-4564-8a58-c1f46eaf1de8. Predicted: Man. Correct Label: Female. Url:https://learndemographicstest.s3.amazonaws.com/test/12-/female/6_1_2_20161219201340515.jpg. Bbox: {'x': '275.03363', 'y': '49.191853', 'w': '28.61383', 'h': '35.79938'}. Confidence: 0.93
2021-03-14 10:03:26,343 ERROR 1b80d780-3ce6-4564-8a58-c1f46eaf1de8. Predicted: Female. Correct Label: Man. Url:https://learndemographicstest.s3.amazonaws.com/test/18-24/male/21_0_4_20161223214835183.jpg. Bbox: {'x': '87.17064', 'y': '121.690414', 'w': '109.60452', 'h': '146.53426'}. Confidence: 0.06
2021-03-14 10:03:26,343 ERROR 1b80d780-3ce6-4564-8a58-c1f46eaf1de8. Predicted: Man. Correct Label: Female. Url:https://learndemographicstest.s3.amazonaws.com/test/25-34/female/27_1_0_20170109132133665.jpg. Bbox: {'x': '206.02016', 'y': '43.337204', 'w': '157.33513', 'h': '208.2031'}. Confidence: 0.98
2021-03-14 10:03:26,343 ERROR 1b80d780-3ce6-4564-8a58-c1f46eaf1de8. Predicted: Man. Correct Label: Female. Url:https://learndemographicstest.s3.amazonaws.com/test/35-44/female/36_1_3_20170109135738379.jpg. Bbox: {'x': '77.16518', 'y': '67.08472', 'w': '142.51523', 'h': '187.73996'}. Confidence: 0.62
2021-03-14 10:03:26,344 ERROR 1b80d780-3ce6-4564-8a58-c1f46eaf1de8. Predicted: Man. Correct Label: Female. Url:https://learndemographicstest.s3.amazonaws.com/test/65%2B/female/88_1_2_20170112003903252.jpg. Bbox: {'x': '279.558', 'y': '74.00445', 'w': '103.964325', 'h': '131.48724'}. Confidence: 0.98
2021-03-14 10:10:02,501 ERROR 75f2fd1f-0c01-4330-bce0-885f1c72ad4c. Predicted: Female. Correct Label: Man. Url:https://learndemographicstest.s3.amazonaws.com/test/12-/male/1_0_2_20161219195200555.jpg. Bbox: {'x': '116.161255', 'y': '7.5894604', 'w': '177.9783', 'h': '234.85521'}. Confidence: 0.16
2021-03-14 10:10:02,510 ERROR 75f2fd1f-0c01-4330-bce0-885f1c72ad4c. Predicted: Man. Correct Label: Female. Url:https://learndemographicstest.s3.amazonaws.com/test/12-/female/5_1_4_20161221193338973.jpg. Bbox: {'x': '456.87695', 'y': '95.09291', 'w': '90.69623', 'h': '120.75897'}. Confidence: 0.99
2021-03-14 10:10:02,511 ERROR 75f2fd1f-0c01-4330-bce0-885f1c72ad4c. Predicted: Female. Correct Label: Man. Url:https://learndemographicstest.s3.amazonaws.com/test/13-17/male/14_0_0_20170110225056665.jpg. Bbox: {'x': '184.28487', 'y': '178.02867', 'w': '78.67381', 'h': '94.88539'}. Confidence: 0.12
2021-03-14 10:14:52,417 ERROR 98bb6f5f-cefe-44c5-9948-fe7d0497f4f8. Predicted: Man. Correct Label: Female. Url:https://learndemographicstest.s3.amazonaws.com/test/12-/female/8_1_0_20170109205015327.jpg. Bbox: {'x': '76.5077', 'y': '39.937267', 'w': '79.67512', 'h': '106.90823'}. Confidence: 0.58
2021-03-14 10:14:52,418 ERROR 98bb6f5f-cefe-44c5-9948-fe7d0497f4f8. Predicted: Man. Correct Label: Female. Url:https://learndemographicstest.s3.amazonaws.com/test/13-17/female/16_1_3_20170104222208647.jpg. Bbox: {'x': '121.76989', 'y': '39.74921', 'w': '198.17694', 'h': '221.57141'}. Confidence: 0.87
2021-03-14 10:14:52,418 ERROR 98bb6f5f-cefe-44c5-9948-fe7d0497f4f8. Predicted: Man. Correct Label: Female. Url:https://learndemographicstest.s3.amazonaws.com/test/18-24/female/24_1_0_20170104022714148.jpg. Bbox: {'x': '165.22253', 'y': '113.20437', 'w': '133.89233', 'h': '183.66492'}. Confidence: 0.94
2021-03-14 10:24:15,358 ERROR 4eea1ea5-62e7-41ef-9328-6e79c1f97734. Predicted: Female. Correct Label: Man. Url:https://learndemographicstest.s3.amazonaws.com/test/12-/male/4_0_0_20170110224705396.jpg. Bbox: {'x': '1185.792', 'y': '597.9459', 'w': '1401.2002', 'h': '1815.9784'}. Confidence: 0.33
2021-03-14 10:24:15,360 ERROR 4eea1ea5-62e7-41ef-9328-6e79c1f97734. Predicted: Female. Correct Label: Man. Url:https://learndemographicstest.s3.amazonaws.com/test/12-/male/1_0_2_20161219211107805.jpg. Bbox: {'x': '81.2165', 'y': '74.700035', 'w': '96.97291', 'h': '121.16613'}. Confidence: 0.09
2021-03-14 10:24:15,361 ERROR 4eea1ea5-62e7-41ef-9328-6e79c1f97734. Predicted: Man. Correct Label: Female. Url:https://learndemographicstest.s3.amazonaws.com/test/12-/female/7_1_1_20170109194708063.jpg. Bbox: {'x': '212.61043', 'y': '236.10692', 'w': '188.05266', 'h': '247.2267'}. Confidence: 0.99
2021-03-14 10:24:15,361 ERROR 4eea1ea5-62e7-41ef-9328-6e79c1f97734. Predicted: Man. Correct Label: Female. Url:https://learndemographicstest.s3.amazonaws.com/test/12-/female/8_1_1_20170109203648153.jpg. Bbox: {'x': '139.161', 'y': '14.239382', 'w': '26.238968', 'h': '37.513794'}. Confidence: 0.57
2021-03-14 10:24:15,361 ERROR 4eea1ea5-62e7-41ef-9328-6e79c1f97734. Predicted: Man. Correct Label: Female. Url:https://learndemographicstest.s3.amazonaws.com/test/12-/female/2_1_2_20161219211123885.jpg. Bbox: {'x': '198.07843', 'y': '70.892914', 'w': '59.341644', 'h': '78.547226'}. Confidence: 0.94
2021-03-14 10:24:15,362 ERROR 4eea1ea5-62e7-41ef-9328-6e79c1f97734. Predicted: Man. Correct Label: Female. Url:https://learndemographicstest.s3.amazonaws.com/test/12-/female/3_1_2_20161219151111483.jpg. Bbox: {'x': '61.838943', 'y': '30.169807', 'w': '79.937836', 'h': '104.378746'}. Confidence: 1.00
2021-03-14 10:24:15,362 ERROR 4eea1ea5-62e7-41ef-9328-6e79c1f97734. Predicted: Man. Correct Label: Female. Url:https://learndemographicstest.s3.amazonaws.com/test/12-/female/3_1_0_20170109190700159.jpg. Bbox: {'x': '160.95432', 'y': '-10.094824', 'w': '209.25647', 'h': '269.66068'}. Confidence: 0.98
2021-03-14 10:24:15,362 ERROR 4eea1ea5-62e7-41ef-9328-6e79c1f97734. Predicted: Man. Correct Label: Female. Url:https://learndemographicstest.s3.amazonaws.com/test/12-/female/1_1_3_20161220145724687.jpg. Bbox: {'x': '36.245495', 'y': '27.648848', 'w': '32.925343', 'h': '39.238266'}. Confidence: 0.98
2021-03-14 10:24:15,362 ERROR 4eea1ea5-62e7-41ef-9328-6e79c1f97734. Predicted: Man. Correct Label: Female. Url:https://learndemographicstest.s3.amazonaws.com/test/12-/female/6_1_0_20170109201925765.jpg. Bbox: {'x': '171.81882', 'y': '37.846718', 'w': '69.923065', 'h': '89.970314'}. Confidence: 0.85
2021-03-14 10:24:15,363 ERROR 4eea1ea5-62e7-41ef-9328-6e79c1f97734. Predicted: Man. Correct Label: Female. Url:https://learndemographicstest.s3.amazonaws.com/test/13-17/female/13_1_4_20170103212548662.jpg. Bbox: {'x': '72.88178', 'y': '40.07656', 'w': '127.239265', 'h': '166.03891'}. Confidence: 0.65
2021-03-14 10:24:15,363 ERROR 4eea1ea5-62e7-41ef-9328-6e79c1f97734. Predicted: Man. Correct Label: Female. Url:https://learndemographicstest.s3.amazonaws.com/test/13-17/female/17_1_0_20170105183400255.jpg. Bbox: {'x': '67.19818', 'y': '88.101944', 'w': '171.83606', 'h': '245.34938'}. Confidence: 0.86
2021-03-14 10:24:15,364 ERROR 4eea1ea5-62e7-41ef-9328-6e79c1f97734. Predicted: Man. Correct Label: Female. Url:https://learndemographicstest.s3.amazonaws.com/test/13-17/female/13_1_0_20170109203322570.jpg. Bbox: {'x': '338.89163', 'y': '273.67032', 'w': '275.13553', 'h': '373.02408'}. Confidence: 0.57
2021-03-14 10:24:15,364 ERROR 4eea1ea5-62e7-41ef-9328-6e79c1f97734. Predicted: Man. Correct Label: Female. Url:https://learndemographicstest.s3.amazonaws.com/test/13-17/female/16_1_3_20170104214252949.jpg. Bbox: {'x': '61.336563', 'y': '52.23005', 'w': '125.43616', 'h': '176.74722'}. Confidence: 0.99
2021-03-14 10:24:15,366 ERROR 4eea1ea5-62e7-41ef-9328-6e79c1f97734. Predicted: Man. Correct Label: Female. Url:https://learndemographicstest.s3.amazonaws.com/test/18-24/female/18_1_0_20170102235007970.jpg. Bbox: {'x': '53.501915', 'y': '57.55452', 'w': '133.6059', 'h': '179.75264'}. Confidence: 0.86
2021-03-14 10:24:15,366 ERROR 4eea1ea5-62e7-41ef-9328-6e79c1f97734. Predicted: Man. Correct Label: Female. Url:https://learndemographicstest.s3.amazonaws.com/test/18-24/female/18_1_3_20170104222052685.jpg. Bbox: {'x': '189.32584', 'y': '146.77007', 'w': '86.25415', 'h': '110.83363'}. Confidence: 0.99
2021-03-14 10:24:15,366 ERROR 4eea1ea5-62e7-41ef-9328-6e79c1f97734. Predicted: Man. Correct Label: Female. Url:https://learndemographicstest.s3.amazonaws.com/test/18-24/female/24_1_4_20170103224804680.jpg. Bbox: {'x': '275.20148', 'y': '57.612144', 'w': '72.83838', 'h': '96.83146'}. Confidence: 0.83
2021-03-14 10:24:15,366 ERROR 4eea1ea5-62e7-41ef-9328-6e79c1f97734. Predicted: Man. Correct Label: Female. Url:https://learndemographicstest.s3.amazonaws.com/test/25-34/female/26_1_2_20170104020149844.jpg. Bbox: {'x': '55.47958', 'y': '109.79593', 'w': '362.9416', 'h': '509.14194'}. Confidence: 0.99
2021-03-14 10:24:15,366 ERROR 4eea1ea5-62e7-41ef-9328-6e79c1f97734. Predicted: Man. Correct Label: Female. Url:https://learndemographicstest.s3.amazonaws.com/test/25-34/female/29_1_0_20170109134017138.jpg. Bbox: {'x': '66.54271', 'y': '105.24781', 'w': '68.40161', 'h': '91.87205'}. Confidence: 0.99
2021-03-14 10:24:15,366 ERROR 4eea1ea5-62e7-41ef-9328-6e79c1f97734. Predicted: Man. Correct Label: Female. Url:https://learndemographicstest.s3.amazonaws.com/test/25-34/female/28_1_0_20170103182305562.jpg. Bbox: {'x': '265.97754', 'y': '49.412956', 'w': '154.99072', 'h': '198.77032'}. Confidence: 0.98
2021-03-14 10:24:15,367 ERROR 4eea1ea5-62e7-41ef-9328-6e79c1f97734. Predicted: Man. Correct Label: Female. Url:https://learndemographicstest.s3.amazonaws.com/test/25-34/female/32_1_3_20170104235736013.jpg. Bbox: {'x': '140.5114', 'y': '94.70229', 'w': '178.53267', 'h': '240.44186'}. Confidence: 0.56
2021-03-14 10:24:15,367 ERROR 4eea1ea5-62e7-41ef-9328-6e79c1f97734. Predicted: Man. Correct Label: Female. Url:https://learndemographicstest.s3.amazonaws.com/test/35-44/female/39_1_0_20170105170221811.jpg. Bbox: {'x': '60.835346', 'y': '42.52155', 'w': '84.41664', 'h': '121.0742'}. Confidence: 0.92
2021-03-14 10:24:15,368 ERROR 4eea1ea5-62e7-41ef-9328-6e79c1f97734. Predicted: Man. Correct Label: Female. Url:https://learndemographicstest.s3.amazonaws.com/test/35-44/female/38_1_0_20170104201451243.jpg. Bbox: {'x': '69.63815', 'y': '88.15552', 'w': '105.75876', 'h': '136.76079'}. Confidence: 0.98
2021-03-14 10:24:15,370 ERROR 4eea1ea5-62e7-41ef-9328-6e79c1f97734. Predicted: Man. Correct Label: Female. Url:https://learndemographicstest.s3.amazonaws.com/test/55-64/female/62_1_3_20170109132000815.jpg. Bbox: {'x': '70.38741', 'y': '75.59987', 'w': '102.020744', 'h': '123.81862'}. Confidence: 1.00
2021-03-14 10:24:15,370 ERROR 4eea1ea5-62e7-41ef-9328-6e79c1f97734. Predicted: Man. Correct Label: Female. Url:https://learndemographicstest.s3.amazonaws.com/test/55-64/female/56_1_0_20170104203119691.jpg. Bbox: {'x': '79.12702', 'y': '102.50094', 'w': '161.78427', 'h': '207.41763'}. Confidence: 0.99
2021-03-14 10:24:15,370 ERROR 4eea1ea5-62e7-41ef-9328-6e79c1f97734. Predicted: Man. Correct Label: Female. Url:https://learndemographicstest.s3.amazonaws.com/test/55-64/female/57_1_0_20170109134356713.jpg. Bbox: {'x': '56.871136', 'y': '29.4915', 'w': '95.03885', 'h': '120.88953'}. Confidence: 0.91
2021-03-14 10:24:15,371 ERROR 4eea1ea5-62e7-41ef-9328-6e79c1f97734. Predicted: Female. Correct Label: Man. Url:https://learndemographicstest.s3.amazonaws.com/test/65%2B/male/80_0_0_20170111200927317.jpg. Bbox: {'x': '220.68611', 'y': '40.536915', 'w': '170.22713', 'h': '213.2721'}. Confidence: 0.25
2021-03-14 10:24:15,371 ERROR 4eea1ea5-62e7-41ef-9328-6e79c1f97734. Predicted: Female. Correct Label: Man. Url:https://learndemographicstest.s3.amazonaws.com/test/65%2B/male/80_0_0_20170111202811684.jpg. Bbox: {'x': '109.4011', 'y': '74.287445', 'w': '86.39852', 'h': '108.70975'}. Confidence: 0.17
2021-03-14 10:24:15,371 ERROR 4eea1ea5-62e7-41ef-9328-6e79c1f97734. Predicted: Female. Correct Label: Man. Url:https://learndemographicstest.s3.amazonaws.com/test/65%2B/male/67_0_0_20170104213345869.jpg. Bbox: {'x': '105.34958', 'y': '51.26969', 'w': '129.4624', 'h': '181.50842'}. Confidence: 0.02
2021-03-14 10:24:15,372 ERROR 4eea1ea5-62e7-41ef-9328-6e79c1f97734. Predicted: Man. Correct Label: Female. Url:https://learndemographicstest.s3.amazonaws.com/test/65%2B/female/80_1_0_20170110131953974.jpg. Bbox: {'x': '267.2774', 'y': '71.84856', 'w': '71.292145', 'h': '96.19667'}. Confidence: 0.65
2021-03-14 10:24:15,373 ERROR 4eea1ea5-62e7-41ef-9328-6e79c1f97734. Predicted: Man. Correct Label: Female. Url:https://learndemographicstest.s3.amazonaws.com/test/65%2B/female/69_1_3_20170109150308256.jpg. Bbox: {'x': '107.560196', 'y': '50.116146', 'w': '95.28592', 'h': '119.91086'}. Confidence: 0.99
2021-03-14 10:41:26,752 ERROR 3f720247-5ca7-46cc-8663-d4df5d21e9ec. Predicted: Man. Correct Label: Female. Url:https://learndemographicstest.s3.amazonaws.com/test/13-17/female/13_1_0_20170109201711197.jpg. Bbox: {'x': '326.2098', 'y': '145.80785', 'w': '180.12872', 'h': '254.9369'}. Confidence: 0.56
2021-03-14 10:41:26,752 ERROR 3f720247-5ca7-46cc-8663-d4df5d21e9ec. Predicted: Man. Correct Label: Female. Url:https://learndemographicstest.s3.amazonaws.com/test/25-34/female/25_1_2_20170104020903060.jpg. Bbox: {'x': '105.93004', 'y': '114.75198', 'w': '257.25238', 'h': '350.06'}. Confidence: 1.00
2021-03-14 10:41:26,754 ERROR 3f720247-5ca7-46cc-8663-d4df5d21e9ec. Predicted: Man. Correct Label: Female. Url:https://learndemographicstest.s3.amazonaws.com/test/45-54/female/50_1_2_20170104210635740.jpg. Bbox: {'x': '75.15963', 'y': '75.261925', 'w': '198.73935', 'h': '256.26523'}. Confidence: 0.88
2021-03-14 10:49:05,162 ERROR f1cb6e54-0f88-40a6-b85a-a84568d9e22c. Predicted: Female. Correct Label: Man. Url:https://learndemographicstest.s3.amazonaws.com/test/13-17/male/16_0_0_20170110231919941.jpg. Bbox: {'x': '147.76074', 'y': '122.992615', 'w': '215.9537', 'h': '275.6122'}. Confidence: 0.01
2021-03-14 10:49:05,163 ERROR f1cb6e54-0f88-40a6-b85a-a84568d9e22c. Predicted: Man. Correct Label: Female. Url:https://learndemographicstest.s3.amazonaws.com/test/13-17/female/14_1_3_20170104221901782.jpg. Bbox: {'x': '186.11354', 'y': '74.349174', 'w': '118.82515', 'h': '156.31854'}. Confidence: 0.68
2021-03-14 10:49:05,163 ERROR f1cb6e54-0f88-40a6-b85a-a84568d9e22c. Predicted: Man. Correct Label: Female. Url:https://learndemographicstest.s3.amazonaws.com/test/13-17/female/16_1_0_20170109203419299.jpg. Bbox: {'x': '1227.0247', 'y': '480.29987', 'w': '1017.91113', 'h': '1231.9902'}. Confidence: 0.98
2021-03-14 10:49:05,164 ERROR f1cb6e54-0f88-40a6-b85a-a84568d9e22c. Predicted: Man. Correct Label: Female. Url:https://learndemographicstest.s3.amazonaws.com/test/13-17/female/17_1_0_20170102234717403.jpg. Bbox: {'x': '59.901573', 'y': '47.431892', 'w': '125.947655', 'h': '149.96274'}. Confidence: 0.73
2021-03-14 10:49:05,164 ERROR f1cb6e54-0f88-40a6-b85a-a84568d9e22c. Predicted: Man. Correct Label: Female. Url:https://learndemographicstest.s3.amazonaws.com/test/13-17/female/14_1_0_20170109214440556.jpg. Bbox: {'x': '85.79091', 'y': '61.829548', 'w': '175.85732', 'h': '210.7766'}. Confidence: 0.96
2021-03-14 10:49:05,164 ERROR f1cb6e54-0f88-40a6-b85a-a84568d9e22c. Predicted: Man. Correct Label: Female. Url:https://learndemographicstest.s3.amazonaws.com/test/18-24/female/21_1_4_20170103223636607.jpg. Bbox: {'x': '192.76521', 'y': '58.52299', 'w': '155.73341', 'h': '194.49326'}. Confidence: 0.94
2021-03-14 10:49:05,164 ERROR f1cb6e54-0f88-40a6-b85a-a84568d9e22c. Predicted: Man. Correct Label: Female. Url:https://learndemographicstest.s3.amazonaws.com/test/18-24/female/24_1_1_20170105183758847.jpg. Bbox: {'x': '155.18858', 'y': '85.08871', 'w': '91.186966', 'h': '121.20289'}. Confidence: 0.97
2021-03-14 10:49:05,164 ERROR f1cb6e54-0f88-40a6-b85a-a84568d9e22c. Predicted: Man. Correct Label: Female. Url:https://learndemographicstest.s3.amazonaws.com/test/18-24/female/18_1_0_20170109214106546.jpg. Bbox: {'x': '59.02189', 'y': '64.11746', 'w': '163.21884', 'h': '188.45337'}. Confidence: 0.60
2021-03-14 10:49:05,165 ERROR f1cb6e54-0f88-40a6-b85a-a84568d9e22c. Predicted: Man. Correct Label: Female. Url:https://learndemographicstest.s3.amazonaws.com/test/25-34/female/27_1_3_20170104222326719.jpg. Bbox: {'x': '168.73509', 'y': '89.34739', 'w': '81.62065', 'h': '101.48632'}. Confidence: 0.62
2021-03-14 10:49:05,165 ERROR f1cb6e54-0f88-40a6-b85a-a84568d9e22c. Predicted: Man. Correct Label: Female. Url:https://learndemographicstest.s3.amazonaws.com/test/25-34/female/31_1_0_20170103182531906.jpg. Bbox: {'x': '101.0563', 'y': '98.61514', 'w': '115.926094', 'h': '137.71167'}. Confidence: 0.85
2021-03-14 10:49:05,165 ERROR f1cb6e54-0f88-40a6-b85a-a84568d9e22c. Predicted: Man. Correct Label: Female. Url:https://learndemographicstest.s3.amazonaws.com/test/25-34/female/28_1_2_20170104021739676.jpg. Bbox: {'x': '186.54811', 'y': '53.20127', 'w': '130.71898', 'h': '189.57822'}. Confidence: 0.84
2021-03-14 10:49:05,166 ERROR f1cb6e54-0f88-40a6-b85a-a84568d9e22c. Predicted: Man. Correct Label: Female. Url:https://learndemographicstest.s3.amazonaws.com/test/35-44/female/38_1_0_20170105170148788.jpg. Bbox: {'x': '40.353653', 'y': '36.31484', 'w': '60.14865', 'h': '80.785385'}. Confidence: 0.64
2021-03-14 10:49:05,166 ERROR f1cb6e54-0f88-40a6-b85a-a84568d9e22c. Predicted: Man. Correct Label: Female. Url:https://learndemographicstest.s3.amazonaws.com/test/35-44/female/37_1_1_20170103183005866.jpg. Bbox: {'x': '185.11778', 'y': '66.615074', 'w': '124.24187', 'h': '157.90619'}. Confidence: 0.99
2021-03-14 10:49:05,166 ERROR f1cb6e54-0f88-40a6-b85a-a84568d9e22c. Predicted: Man. Correct Label: Female. Url:https://learndemographicstest.s3.amazonaws.com/test/35-44/female/42_1_0_20170109012301228.jpg. Bbox: {'x': '35.259937', 'y': '63.068985', 'w': '100.22414', 'h': '122.094925'}. Confidence: 0.53
2021-03-14 10:49:05,167 ERROR f1cb6e54-0f88-40a6-b85a-a84568d9e22c. Predicted: Man. Correct Label: Female. Url:https://learndemographicstest.s3.amazonaws.com/test/45-54/female/53_1_0_20170109012818178.jpg. Bbox: {'x': '126.62974', 'y': '96.22927', 'w': '168.15698', 'h': '205.113'}. Confidence: 0.94
2021-03-14 10:49:05,167 ERROR f1cb6e54-0f88-40a6-b85a-a84568d9e22c. Predicted: Man. Correct Label: Female. Url:https://learndemographicstest.s3.amazonaws.com/test/45-54/female/53_1_1_20170110122449716.jpg. Bbox: {'x': '82.60071', 'y': '30.257275', 'w': '36.051163', 'h': '46.08273'}. Confidence: 0.74
2021-03-14 10:49:05,167 ERROR f1cb6e54-0f88-40a6-b85a-a84568d9e22c. Predicted: Man. Correct Label: Female. Url:https://learndemographicstest.s3.amazonaws.com/test/45-54/female/49_1_0_20170109142131660.jpg. Bbox: {'x': '69.29912', 'y': '45.684055', 'w': '93.01207', 'h': '112.41698'}. Confidence: 0.98
2021-03-14 10:49:05,167 ERROR f1cb6e54-0f88-40a6-b85a-a84568d9e22c. Predicted: Female. Correct Label: Man. Url:https://learndemographicstest.s3.amazonaws.com/test/55-64/male/58_0_0_20170111204759653.jpg. Bbox: {'x': '296.9414', 'y': '64.66801', 'w': '68.86478', 'h': '85.90235'}. Confidence: 0.41
2021-03-14 10:49:05,168 ERROR f1cb6e54-0f88-40a6-b85a-a84568d9e22c. Predicted: Man. Correct Label: Female. Url:https://learndemographicstest.s3.amazonaws.com/test/55-64/female/60_1_0_20170110122608034.jpg. Bbox: {'x': '54.586395', 'y': '18.742922', 'w': '23.561584', 'h': '29.684679'}. Confidence: 0.81
2021-03-14 10:49:05,168 ERROR f1cb6e54-0f88-40a6-b85a-a84568d9e22c. Predicted: Man. Correct Label: Female. Url:https://learndemographicstest.s3.amazonaws.com/test/55-64/female/61_1_3_20170109142522355.jpg. Bbox: {'x': '126.54938', 'y': '79.70687', 'w': '185.9512', 'h': '254.63364'}. Confidence: 0.97
2021-03-14 10:49:05,168 ERROR f1cb6e54-0f88-40a6-b85a-a84568d9e22c. Predicted: Female. Correct Label: Man. Url:https://learndemographicstest.s3.amazonaws.com/test/65%2B/male/90_0_0_20170111211415063.jpg. Bbox: {'x': '93.197174', 'y': '-196.1445', 'w': '519.9413', 'h': '748.60474'}. Confidence: 0.01
2021-03-14 10:49:05,169 ERROR f1cb6e54-0f88-40a6-b85a-a84568d9e22c. Predicted: Man. Correct Label: Female. Url:https://learndemographicstest.s3.amazonaws.com/test/65%2B/female/86_1_0_20170110183619254.jpg. Bbox: {'x': '205.08386', 'y': '99.19058', 'w': '117.067444', 'h': '153.61069'}. Confidence: 1.00
2021-03-14 10:49:05,170 ERROR f1cb6e54-0f88-40a6-b85a-a84568d9e22c. Predicted: Man. Correct Label: Female. Url:https://learndemographicstest.s3.amazonaws.com/test/65%2B/female/75_1_3_20170110175327928.jpg. Bbox: {'x': '212.4353', 'y': '45.95372', 'w': '181.30719', 'h': '214.76823'}. Confidence: 0.75
2021-03-14 10:53:51,470 ERROR 0dbda76f-1f6d-4e97-ac3a-39344b6b5761. Predicted: Man. Correct Label: Female. Url:https://learndemographicstest.s3.amazonaws.com/test/55-64/female/61_1_2_20170105174916768.jpg. Bbox: {'x': '139.34888', 'y': '60.8338', 'w': '125.12543', 'h': '172.34256'}. Confidence: 1.00
2021-03-14 11:00:46,955 ERROR 6d99d7fb-5a19-417e-9750-49a76081a2a3. Predicted: Man. Correct Label: Female. Url:https://pbs.twimg.com/profile_images/1355229466168086530/pvjgSAnq_400x400.jpg. Bbox: {'x': '160.91922', 'y': '17.820696', 'w': '65.00217', 'h': '84.474724'}. Confidence: 1.00
2021-03-14 11:06:17,511 ERROR 12b7b83c-94ff-459d-b813-eea2dadd38a9. Predicted: Man. Correct Label: Female. Url:https://learndemographicstest.s3.amazonaws.com/test/12-/female/1_1_3_20161220143204424.jpg. Bbox: {'x': '86.5261', 'y': '28.01492', 'w': '53.466316', 'h': '60.994114'}. Confidence: 0.75
2021-03-14 11:06:17,512 ERROR 12b7b83c-94ff-459d-b813-eea2dadd38a9. Predicted: Man. Correct Label: Female. Url:https://learndemographicstest.s3.amazonaws.com/test/13-17/female/16_1_0_20170109214102958.jpg. Bbox: {'x': '124.63303', 'y': '115.82161', 'w': '287.75348', 'h': '382.65985'}. Confidence: 1.00
2021-03-14 11:06:17,513 ERROR 12b7b83c-94ff-459d-b813-eea2dadd38a9. Predicted: Man. Correct Label: Female. Url:https://learndemographicstest.s3.amazonaws.com/test/55-64/female/60_1_0_20170110152939871.jpg. Bbox: {'x': '45.225113', 'y': '42.168056', 'w': '52.168846', 'h': '67.345505'}. Confidence: 0.93
2021-03-17 14:05:33,657 ERROR e97d313a-5c6d-42dc-bd7d-97e567aedf48. Predicted: Female. Correct Label: Man. Url:https://learndemographicstest.s3.amazonaws.com/test/13-17/male/16_0_0_20170110231736665.jpg. Bbox: {'x': '191.54297', 'y': '82.789925', 'w': '326.63953', 'h': '391.7828'}. Confidence: 0.16
2021-03-17 14:05:33,670 ERROR e97d313a-5c6d-42dc-bd7d-97e567aedf48. Predicted: Man. Correct Label: Female. Url:https://learndemographicstest.s3.amazonaws.com/test/13-17/female/14_1_4_20170103200917543.jpg. Bbox: {'x': '89.018524', 'y': '163.44154', 'w': '441.0397', 'h': '542.5655'}. Confidence: 0.78
2021-03-17 14:05:33,672 ERROR e97d313a-5c6d-42dc-bd7d-97e567aedf48. Predicted: Man. Correct Label: Female. Url:https://learndemographicstest.s3.amazonaws.com/test/13-17/female/17_1_2_20161219190706307.jpg. Bbox: {'x': '90.2801', 'y': '62.52467', 'w': '47.369896', 'h': '59.755093'}. Confidence: 0.92
2021-03-17 14:05:33,673 ERROR e97d313a-5c6d-42dc-bd7d-97e567aedf48. Predicted: Man. Correct Label: Female. Url:https://learndemographicstest.s3.amazonaws.com/test/13-17/female/15_1_3_20170104222011950.jpg. Bbox: {'x': '119.45004', 'y': '120.71102', 'w': '187.85406', 'h': '241.17535'}. Confidence: 0.98
2021-03-17 14:05:33,674 ERROR e97d313a-5c6d-42dc-bd7d-97e567aedf48. Predicted: Man. Correct Label: Female. Url:https://learndemographicstest.s3.amazonaws.com/test/13-17/female/15_1_3_20170104221722328.jpg. Bbox: {'x': '107.98508', 'y': '86.27697', 'w': '164.83765', 'h': '221.68402'}. Confidence: 0.83
2021-03-17 14:05:33,675 ERROR e97d313a-5c6d-42dc-bd7d-97e567aedf48. Predicted: Female. Correct Label: Man. Url:https://learndemographicstest.s3.amazonaws.com/test/18-24/male/21_0_4_20161223214827816.jpg. Bbox: {'x': '78.60406', 'y': '65.838524', 'w': '103.6813', 'h': '144.69562'}. Confidence: 0.22
2021-03-17 14:05:33,676 ERROR e97d313a-5c6d-42dc-bd7d-97e567aedf48. Predicted: Man. Correct Label: Female. Url:https://learndemographicstest.s3.amazonaws.com/test/18-24/female/22_1_0_20170109213059848.jpg. Bbox: {'x': '317.8573', 'y': '151.24345', 'w': '188.73825', 'h': '233.89674'}. Confidence: 0.54
2021-03-17 14:05:33,678 ERROR e97d313a-5c6d-42dc-bd7d-97e567aedf48. Predicted: Man. Correct Label: Female. Url:https://learndemographicstest.s3.amazonaws.com/test/18-24/female/20_1_0_20170103201716816.jpg. Bbox: {'x': '92.27758', 'y': '107.47084', 'w': '421.357', 'h': '579.81287'}. Confidence: 0.99
2021-03-17 14:05:33,678 ERROR e97d313a-5c6d-42dc-bd7d-97e567aedf48. Predicted: Man. Correct Label: Female. Url:https://learndemographicstest.s3.amazonaws.com/test/18-24/female/24_1_3_20170104235106686.jpg. Bbox: {'x': '141.50446', 'y': '54.920635', 'w': '116.98337', 'h': '160.18834'}. Confidence: 0.98
2021-03-17 14:05:33,681 ERROR e97d313a-5c6d-42dc-bd7d-97e567aedf48. Predicted: Man. Correct Label: Female. Url:https://learndemographicstest.s3.amazonaws.com/test/25-34/female/34_1_0_20170104170153185.jpg. Bbox: {'x': '79.892265', 'y': '108.85071', 'w': '113.618614', 'h': '140.78528'}. Confidence: 0.89
2021-03-17 14:05:33,682 ERROR e97d313a-5c6d-42dc-bd7d-97e567aedf48. Predicted: Man. Correct Label: Female. Url:https://learndemographicstest.s3.amazonaws.com/test/25-34/female/32_1_4_20170105164252747.jpg. Bbox: {'x': '108.56944', 'y': '123.46743', 'w': '240.43892', 'h': '341.6171'}. Confidence: 0.71
2021-03-17 14:05:33,685 ERROR e97d313a-5c6d-42dc-bd7d-97e567aedf48. Predicted: Man. Correct Label: Female. Url:https://learndemographicstest.s3.amazonaws.com/test/35-44/female/38_1_4_20170105173608614.jpg. Bbox: {'x': '148.6676', 'y': '268.15506', 'w': '62.396835', 'h': '82.66412'}. Confidence: 0.87
2021-03-17 14:05:33,686 ERROR e97d313a-5c6d-42dc-bd7d-97e567aedf48. Predicted: Man. Correct Label: Female. Url:https://learndemographicstest.s3.amazonaws.com/test/35-44/female/38_1_2_20170109132801338.jpg. Bbox: {'x': '187.82864', 'y': '79.78309', 'w': '59.6015', 'h': '75.30479'}. Confidence: 0.97
2021-03-17 14:05:33,688 ERROR e97d313a-5c6d-42dc-bd7d-97e567aedf48. Predicted: Man. Correct Label: Female. Url:https://learndemographicstest.s3.amazonaws.com/test/35-44/female/38_1_0_20170109221205343.jpg. Bbox: {'x': '173.65485', 'y': '23.02213', 'w': '39.794388', 'h': '54.732357'}. Confidence: 0.58
2021-03-17 14:05:33,690 ERROR e97d313a-5c6d-42dc-bd7d-97e567aedf48. Predicted: Man. Correct Label: Female. Url:https://learndemographicstest.s3.amazonaws.com/test/35-44/female/41_1_0_20170109133809164.jpg. Bbox: {'x': '157.27965', 'y': '33.159233', 'w': '64.232895', 'h': '86.89077'}. Confidence: 0.97
2021-03-17 14:05:33,693 ERROR e97d313a-5c6d-42dc-bd7d-97e567aedf48. Predicted: Man. Correct Label: Female. Url:https://learndemographicstest.s3.amazonaws.com/test/45-54/female/54_1_0_20170110140410594.jpg. Bbox: {'x': '120.945854', 'y': '183.74638', 'w': '232.37784', 'h': '291.2234'}. Confidence: 0.97
2021-03-17 14:05:33,696 ERROR e97d313a-5c6d-42dc-bd7d-97e567aedf48. Predicted: Man. Correct Label: Female. Url:https://learndemographicstest.s3.amazonaws.com/test/55-64/female/56_1_0_20170110122655288.jpg. Bbox: {'x': '42.724392', 'y': '36.244724', 'w': '47.038433', 'h': '60.336033'}. Confidence: 0.60
2021-03-17 14:05:33,697 ERROR e97d313a-5c6d-42dc-bd7d-97e567aedf48. Predicted: Man. Correct Label: Female. Url:https://learndemographicstest.s3.amazonaws.com/test/55-64/female/60_1_2_20170105174330388.jpg. Bbox: {'x': '345.20483', 'y': '121.57128', 'w': '132.2857', 'h': '175.09637'}. Confidence: 0.98
2021-03-17 14:05:33,699 ERROR e97d313a-5c6d-42dc-bd7d-97e567aedf48. Predicted: Female. Correct Label: Man. Url:https://learndemographicstest.s3.amazonaws.com/test/65%2B/male/80_0_0_20170111202811684.jpg. Bbox: {'x': '109.4011', 'y': '74.287445', 'w': '86.39852', 'h': '108.70975'}. Confidence: 0.17
2021-03-17 14:05:33,700 ERROR e97d313a-5c6d-42dc-bd7d-97e567aedf48. Predicted: Female. Correct Label: Man. Url:https://learndemographicstest.s3.amazonaws.com/test/65%2B/male/90_0_0_20170111205428761.jpg. Bbox: {'x': '108.16991', 'y': '148.93304', 'w': '284.0135', 'h': '406.0415'}. Confidence: 0.01
2021-03-17 14:05:33,703 ERROR e97d313a-5c6d-42dc-bd7d-97e567aedf48. Predicted: Man. Correct Label: Female. Url:https://learndemographicstest.s3.amazonaws.com/test/65%2B/female/76_1_3_20170109150736001.jpg. Bbox: {'x': '138.90219', 'y': '23.718248', 'w': '220.58643', 'h': '281.60886'}. Confidence: 0.97
2021-03-17 14:05:33,704 ERROR e97d313a-5c6d-42dc-bd7d-97e567aedf48. Predicted: Man. Correct Label: Female. Url:https://learndemographicstest.s3.amazonaws.com/test/65%2B/female/86_1_0_20170110183609068.jpg. Bbox: {'x': '137.82634', 'y': '46.709015', 'w': '97.1962', 'h': '137.66016'}. Confidence: 0.50
